New log file opened at Sun May 29 21:18:51 CEST 2016 by 12256@Lothars-MacBook-Pro.fritz.box
jvm 12256@Lothars-MacBook-Pro.fritz.box
jvm vmName=Java HotSpot(TM) 64-Bit Server VM vmVendor=Oracle Corporation vmVersion=25.60-b23
jvm specName=Java Virtual Machine Specification specVendor=Oracle Corporation specVersion=1.8
jvm arguments: [-Xms256m, -Xmx1024m, -XX:MetaspaceSize=64m, -XX:MaxMetaspaceSize=256m]
Starting event engine
Starting sbt command engine
Command engine arguments=List()
Waiting for sbt command engine
Command engine baseDirectory=/Users/lpfeiler/develop/github/base64
Command engine initial remaining commands List(--initialize, onFailure load-failed, boot, server-send-ready-for-request, server-handle-next-server-request)
> --initialize
> initialize
> onFailure load-failed
> boot
> reload
[Loading] Scanning directory /Users/lpfeiler/develop/github/base64/project
[Loading] Found non-root projects 
[Loading] Done in /Users/lpfeiler/develop/github/base64/project, returning: ()
deducing auto plugins based on known facts Set(Atom(sbt.plugins.CorePlugin)) and clauses Clauses(List(Clause(Atom(sbt.plugins.JvmPlugin),Set(Atom(sbt.plugins.IvyPlugin))), Clause(Atom(sbt.plugins.JUnitXmlReportPlugin),Set(Atom(sbt.plugins.JvmPlugin))), Clause(Atom(sbt.plugins.CorePlugin),Set(Atom(sbt.plugins.IvyPlugin))), Clause(Atom(sbt.plugins.IvyPlugin),Set(Atom(sbt.plugins.JvmPlugin))), Clause(Atom(sbt.plugins.JvmPlugin),Set(Atom(sbt.plugins.JUnitXmlReportPlugin)))))
  :: deduced result: Matched(sbt.plugins.CorePlugin,sbt.plugins.IvyPlugin,sbt.plugins.JvmPlugin,sbt.plugins.JUnitXmlReportPlugin)
sorting: ns: List(sbt.plugins.CorePlugin, sbt.plugins.IvyPlugin, sbt.plugins.JvmPlugin, sbt.plugins.JUnitXmlReportPlugin)
  :: sorting:: found: List(sbt.plugins.CorePlugin) not found List(sbt.plugins.IvyPlugin, sbt.plugins.JvmPlugin, sbt.plugins.JUnitXmlReportPlugin)
  :: sorting:: found: List(sbt.plugins.CorePlugin, sbt.plugins.IvyPlugin) not found List(sbt.plugins.JvmPlugin, sbt.plugins.JUnitXmlReportPlugin)
  :: sorting:: found: List(sbt.plugins.CorePlugin, sbt.plugins.IvyPlugin, sbt.plugins.JvmPlugin) not found List(sbt.plugins.JUnitXmlReportPlugin)
  :: sorting:: found: List(sbt.plugins.CorePlugin, sbt.plugins.IvyPlugin, sbt.plugins.JvmPlugin, sbt.plugins.JUnitXmlReportPlugin) not found List()
  :: sorted deduced result: List(sbt.plugins.CorePlugin, sbt.plugins.IvyPlugin, sbt.plugins.JvmPlugin, sbt.plugins.JUnitXmlReportPlugin)
[Loading] Done in /Users/lpfeiler/develop/github/base64/project, returning: (base64-build)
Loading project definition from /Users/lpfeiler/develop/github/base64/project
Running task... Cancel: sbt.TaskCancellationStrategy$Null$@691fa806, check cycles: false

Initial source changes: 
	removed:Set()
	added: Set()
	modified: Set()
Removed products: Set()
External API changes: API Changes: Set()
Modified binary dependencies: Set()
Initial directly invalidated sources: Set()

Sources indirectly invalidated by:
	product: Set()
	binary dep: Set()
	external source: Set()
All initially invalidated sources: Set()

Copy resource mappings: 
	
[Loading] Scanning directory /Users/lpfeiler/develop/github/base64
[Loading] Found non-root projects 
[Loading] Done in /Users/lpfeiler/develop/github/base64, returning: ()
deducing auto plugins based on known facts Set(Atom(sbt.plugins.CorePlugin)) and clauses Clauses(List(Clause(Atom(sbt.plugins.JvmPlugin),Set(Atom(sbt.plugins.IvyPlugin))), Clause(Atom(sbt.plugins.JUnitXmlReportPlugin),Set(Atom(sbt.plugins.JvmPlugin))), Clause(Atom(sbt.plugins.BackgroundRunPlugin),Set(Atom(sbt.plugins.JvmPlugin))), Clause(Atom(sbt.plugins.CorePlugin),Set(Atom(sbt.plugins.IvyPlugin))), Clause(Atom(sbt.plugins.IvyPlugin),Set(Atom(sbt.plugins.JvmPlugin))), Clause(Atom(sbt.plugins.JvmPlugin),Set(Atom(sbt.plugins.JUnitXmlReportPlugin))), Clause(Atom(sbt.plugins.JvmPlugin),Set(Atom(sbt.plugins.BackgroundRunPlugin))), Clause(Atom(sbt.plugins.CorePlugin),Set(Atom(sbt.plugins.InteractionServicePlugin))), Clause(Atom(sbt.plugins.CorePlugin),Set(Atom(sbt.plugins.SendEventServicePlugin))), Clause(Atom(sbt.plugins.CorePlugin),Set(Atom(sbt.plugins.SerializersPlugin)))))
  :: deduced result: Matched(sbt.plugins.CorePlugin,sbt.plugins.SerializersPlugin,sbt.plugins.SendEventServicePlugin,sbt.plugins.InteractionServicePlugin,sbt.plugins.IvyPlugin,sbt.plugins.JvmPlugin,sbt.plugins.BackgroundRunPlugin,sbt.plugins.JUnitXmlReportPlugin)
sorting: ns: List(sbt.plugins.CorePlugin, sbt.plugins.SerializersPlugin, sbt.plugins.SendEventServicePlugin, sbt.plugins.InteractionServicePlugin, sbt.plugins.IvyPlugin, sbt.plugins.JvmPlugin, sbt.plugins.BackgroundRunPlugin, sbt.plugins.JUnitXmlReportPlugin)
  :: sorting:: found: List(sbt.plugins.CorePlugin) not found List(sbt.plugins.SerializersPlugin, sbt.plugins.SendEventServicePlugin, sbt.plugins.InteractionServicePlugin, sbt.plugins.IvyPlugin, sbt.plugins.JvmPlugin, sbt.plugins.BackgroundRunPlugin, sbt.plugins.JUnitXmlReportPlugin)
  :: sorting:: found: List(sbt.plugins.CorePlugin, sbt.plugins.SerializersPlugin, sbt.plugins.SendEventServicePlugin, sbt.plugins.InteractionServicePlugin, sbt.plugins.IvyPlugin) not found List(sbt.plugins.JvmPlugin, sbt.plugins.BackgroundRunPlugin, sbt.plugins.JUnitXmlReportPlugin)
  :: sorting:: found: List(sbt.plugins.CorePlugin, sbt.plugins.SerializersPlugin, sbt.plugins.SendEventServicePlugin, sbt.plugins.InteractionServicePlugin, sbt.plugins.IvyPlugin, sbt.plugins.JvmPlugin) not found List(sbt.plugins.BackgroundRunPlugin, sbt.plugins.JUnitXmlReportPlugin)
  :: sorting:: found: List(sbt.plugins.CorePlugin, sbt.plugins.SerializersPlugin, sbt.plugins.SendEventServicePlugin, sbt.plugins.InteractionServicePlugin, sbt.plugins.IvyPlugin, sbt.plugins.JvmPlugin, sbt.plugins.BackgroundRunPlugin, sbt.plugins.JUnitXmlReportPlugin) not found List()
  :: sorted deduced result: List(sbt.plugins.CorePlugin, sbt.plugins.SerializersPlugin, sbt.plugins.SendEventServicePlugin, sbt.plugins.InteractionServicePlugin, sbt.plugins.IvyPlugin, sbt.plugins.JvmPlugin, sbt.plugins.BackgroundRunPlugin, sbt.plugins.JUnitXmlReportPlugin)
[Loading] Done in /Users/lpfeiler/develop/github/base64, returning: (base64)
Set current project to base64 (in build file:/Users/lpfeiler/develop/github/base64/)
Reapplying settings...
Set current project to base64 (in build file:/Users/lpfeiler/develop/github/base64/)
> iflast shell
> server-send-ready-for-request
> server-handle-next-server-request
> compile
Evaluating tasks: compile:compile
Running task... Cancel: sbt.server.ServerTaskCancellation@2acdb128, check cycles: false

Initial source changes: 
	removed:Set()
	added: Set(/Users/lpfeiler/develop/github/base64/src/main/scala/de/csmath/codec/Base64FileDecoder.scala)
	modified: Set(/Users/lpfeiler/develop/github/base64/src/main/scala/de/csmath/codec/Base64Decoder.scala, /Users/lpfeiler/develop/github/base64/src/main/scala/de/csmath/codec/Base64.scala)
Removed products: Set()
External API changes: API Changes: Set()
Modified binary dependencies: Set()
Initial directly invalidated sources: Set(/Users/lpfeiler/develop/github/base64/src/main/scala/de/csmath/codec/Base64Decoder.scala, /Users/lpfeiler/develop/github/base64/src/main/scala/de/csmath/codec/Base64.scala, /Users/lpfeiler/develop/github/base64/src/main/scala/de/csmath/codec/Base64FileDecoder.scala)

Sources indirectly invalidated by:
	product: Set()
	binary dep: Set()
	external source: Set()
All initially invalidated sources: Set(/Users/lpfeiler/develop/github/base64/src/main/scala/de/csmath/codec/Base64Decoder.scala, /Users/lpfeiler/develop/github/base64/src/main/scala/de/csmath/codec/Base64.scala, /Users/lpfeiler/develop/github/base64/src/main/scala/de/csmath/codec/Base64FileDecoder.scala)

Read from stdout: Compiling 3 Scala sources to /Users/lpfeiler/develop/github/base64/target/scala-2.11/classes...
Compiling 3 Scala sources to /Users/lpfeiler/develop/github/base64/target/scala-2.11/classes...
Getting compiler-interface from component compiler for Scala 2.11.7
Other repositories:
Default repositories:
Getting compiler-interface from component compiler for Scala 2.11.7
Other repositories:
Default repositories:
Running cached compiler 6a2663c5, interfacing (CompilerInterface) with Scala compiler version 2.11.7
Calling Scala compiler with arguments  (CompilerInterface):
	-bootclasspath
	/Library/Java/JavaVirtualMachines/jdk1.8.0_60.jdk/Contents/Home/jre/lib/resources.jar:/Library/Java/JavaVirtualMachines/jdk1.8.0_60.jdk/Contents/Home/jre/lib/rt.jar:/Library/Java/JavaVirtualMachines/jdk1.8.0_60.jdk/Contents/Home/jre/lib/sunrsasign.jar:/Library/Java/JavaVirtualMachines/jdk1.8.0_60.jdk/Contents/Home/jre/lib/jsse.jar:/Library/Java/JavaVirtualMachines/jdk1.8.0_60.jdk/Contents/Home/jre/lib/jce.jar:/Library/Java/JavaVirtualMachines/jdk1.8.0_60.jdk/Contents/Home/jre/lib/charsets.jar:/Library/Java/JavaVirtualMachines/jdk1.8.0_60.jdk/Contents/Home/jre/lib/jfr.jar:/Library/Java/JavaVirtualMachines/jdk1.8.0_60.jdk/Contents/Home/jre/classes:/Users/lpfeiler/.ivy2/cache/org.scala-lang/scala-library/jars/scala-library-2.11.7.jar
	-classpath
	/Users/lpfeiler/develop/github/base64/target/scala-2.11/classes
Scala compilation took 4.809712544 s
Invalidating /Users/lpfeiler/develop/github/base64/src/main/scala/de/csmath/codec/Base64.scala...
Invalidating (transitively) by inheritance from /Users/lpfeiler/develop/github/base64/src/main/scala/de/csmath/codec/Base64.scala...
Initial set of included nodes: Set(/Users/lpfeiler/develop/github/base64/src/main/scala/de/csmath/codec/Base64.scala)
Invalidated by transitive inheritance dependency: Set(/Users/lpfeiler/develop/github/base64/src/main/scala/de/csmath/codec/Base64.scala)
The /Users/lpfeiler/develop/github/base64/src/main/scala/de/csmath/codec/Base64.scala source file has the following regular definitions changed:
	base64FileDec.
All member reference dependencies will be considered within this context.
Invalidating /Users/lpfeiler/develop/github/base64/src/main/scala/de/csmath/codec/Base64FileDecoder.scala...
Invalidating (transitively) by inheritance from /Users/lpfeiler/develop/github/base64/src/main/scala/de/csmath/codec/Base64FileDecoder.scala...
Initial set of included nodes: Set(/Users/lpfeiler/develop/github/base64/src/main/scala/de/csmath/codec/Base64FileDecoder.scala)
Invalidated by transitive inheritance dependency: Set(/Users/lpfeiler/develop/github/base64/src/main/scala/de/csmath/codec/Base64FileDecoder.scala)
The /Users/lpfeiler/develop/github/base64/src/main/scala/de/csmath/codec/Base64FileDecoder.scala source file has the following regular definitions changed:
	filteredStream, Base64FileDecoder, notify, flatten, wait, $asInstanceOf, equals, asInstanceOf, groupSize, takeNonPads, synchronized, checkPrePadding, $isInstanceOf, filledStream, decode, intStream, groupStreamAux, groupStream, notifyAll, groupBStreamAux, pad, chars, isInstanceOf, groupBStream, decodeGroup, <init>, bitdec, byteStream, ==, clone, checkIntPadding, codeBitlen, checkedByteStream, toString, decodeToString, checkLength, !=, allowedByte, getClass, invertBytes, crlfByte, ne, eq, ##, finalize, hashCode.
All member reference dependencies will be considered within this context.
The following modified names cause invalidation of /Users/lpfeiler/develop/github/base64/src/main/scala/de/csmath/codec/Base64.scala: Set(Base64FileDecoder, decode, <init>, ==, decodeToString)
New invalidations:
	Set()
Initial set of included nodes: Set()
Previously invalidated, but (transitively) depend on new invalidations:
	Set()
All newly invalidated sources after taking into account (previously) recompiled sources:Set()
Total time: 7 s, completed 29.05.2016 21:19:02
> server-post-command-cleanup
> server-handle-next-server-request
> {file:/Users/lpfeiler/develop/github/base64/}base64/compile:discoveredMainClasses
Evaluating tasks: compile:discoveredMainClasses
Running task... Cancel: sbt.server.ServerTaskCancellation@15d01fe3, check cycles: false

Initial source changes: 
	removed:Set()
	added: Set()
	modified: Set()
Removed products: Set()
External API changes: API Changes: Set()
Modified binary dependencies: Set()
Initial directly invalidated sources: Set()

Sources indirectly invalidated by:
	product: Set()
	binary dep: Set()
	external source: Set()
All initially invalidated sources: Set()

Total time: 1 s, completed 29.05.2016 21:19:03
> server-post-command-cleanup
> server-handle-next-server-request
> {file:/Users/lpfeiler/develop/github/base64/}base64/compile:mainClass
Evaluating tasks: compile:mainClass
Running task... Cancel: sbt.server.ServerTaskCancellation@1814cd12, check cycles: false

Initial source changes: 
	removed:Set()
	added: Set()
	modified: Set()
Removed products: Set()
External API changes: API Changes: Set()
Modified binary dependencies: Set()
Initial directly invalidated sources: Set()

Sources indirectly invalidated by:
	product: Set()
	binary dep: Set()
	external source: Set()
All initially invalidated sources: Set()

Total time: 1 s, completed 29.05.2016 21:19:04
> server-post-command-cleanup
> server-handle-next-server-request
> test
Evaluating tasks: test:test
Running task... Cancel: sbt.server.ServerTaskCancellation@5a6ff91c, check cycles: false

Initial source changes: 
	removed:Set()
	added: Set()
	modified: Set()
Removed products: Set()
External API changes: API Changes: Set()
Modified binary dependencies: Set()
Initial directly invalidated sources: Set()

Sources indirectly invalidated by:
	product: Set()
	binary dep: Set()
	external source: Set()
All initially invalidated sources: Set()

Copy resource mappings: 
	
The de.csmath.codec.Base16$ source file has the following regular definitions changed:
	base16Enc.
All member reference dependencies will be considered within this context.
Files invalidated by inheriting from (external) de.csmath.codec.Base16$: Set(); now invalidating by inheritance (internally).
Getting direct dependencies of all sources transitively invalidated by inheritance.
Getting sources that directly depend on (external) de.csmath.codec.Base16$.
None of the modified names appears in /Users/lpfeiler/develop/github/base64/src/test/scala/Base16Spec.scala. This dependency is not being considered for invalidation.
The de.csmath.codec.Base32$ source file has the following regular definitions changed:
	base32HexEnc, base32Enc, base32HexUrlEnc, base32UrlEnc.
All member reference dependencies will be considered within this context.
Files invalidated by inheriting from (external) de.csmath.codec.Base32$: Set(); now invalidating by inheritance (internally).
Getting direct dependencies of all sources transitively invalidated by inheritance.
Getting sources that directly depend on (external) de.csmath.codec.Base32$.
None of the modified names appears in /Users/lpfeiler/develop/github/base64/src/test/scala/Base32Spec.scala. This dependency is not being considered for invalidation.
The de.csmath.codec.Base64$ source file has the following regular definitions changed:
	base64Enc, base64UrlEnc, base64FileDec, base64FileEnc, base64Dec.
All member reference dependencies will be considered within this context.
Files invalidated by inheriting from (external) de.csmath.codec.Base64$: Set(); now invalidating by inheritance (internally).
Getting direct dependencies of all sources transitively invalidated by inheritance.
Getting sources that directly depend on (external) de.csmath.codec.Base64$.
None of the modified names appears in /Users/lpfeiler/develop/github/base64/src/test/scala/Base64Spec.scala. This dependency is not being considered for invalidation.

Initial source changes: 
	removed:Set()
	added: Set()
	modified: Set(/Users/lpfeiler/develop/github/base64/src/test/scala/Base64Spec.scala)
Removed products: Set()
External API changes: API Changes: Set(NamesChange(de.csmath.codec.Base16$,ModifiedNames(regularNames = base16Enc, implicitNames = )), NamesChange(de.csmath.codec.Base32$,ModifiedNames(regularNames = base32HexEnc, base32Enc, base32HexUrlEnc, base32UrlEnc, implicitNames = )), NamesChange(de.csmath.codec.Base64$,ModifiedNames(regularNames = base64Enc, base64UrlEnc, base64FileDec, base64FileEnc, base64Dec, implicitNames = )))
Modified binary dependencies: Set()
Initial directly invalidated sources: Set(/Users/lpfeiler/develop/github/base64/src/test/scala/Base64Spec.scala)

Sources indirectly invalidated by:
	product: Set()
	binary dep: Set()
	external source: Set()
All initially invalidated sources: Set(/Users/lpfeiler/develop/github/base64/src/test/scala/Base64Spec.scala)

Read from stdout: Compiling 1 Scala source to /Users/lpfeiler/develop/github/base64/target/scala-2.11/test-classes...
Compiling 1 Scala source to /Users/lpfeiler/develop/github/base64/target/scala-2.11/test-classes...
Getting compiler-interface from component compiler for Scala 2.11.7
Other repositories:
Default repositories:
Getting compiler-interface from component compiler for Scala 2.11.7
Other repositories:
Default repositories:
Running cached compiler 34927ced, interfacing (CompilerInterface) with Scala compiler version 2.11.7
Calling Scala compiler with arguments  (CompilerInterface):
	-bootclasspath
	/Library/Java/JavaVirtualMachines/jdk1.8.0_60.jdk/Contents/Home/jre/lib/resources.jar:/Library/Java/JavaVirtualMachines/jdk1.8.0_60.jdk/Contents/Home/jre/lib/rt.jar:/Library/Java/JavaVirtualMachines/jdk1.8.0_60.jdk/Contents/Home/jre/lib/sunrsasign.jar:/Library/Java/JavaVirtualMachines/jdk1.8.0_60.jdk/Contents/Home/jre/lib/jsse.jar:/Library/Java/JavaVirtualMachines/jdk1.8.0_60.jdk/Contents/Home/jre/lib/jce.jar:/Library/Java/JavaVirtualMachines/jdk1.8.0_60.jdk/Contents/Home/jre/lib/charsets.jar:/Library/Java/JavaVirtualMachines/jdk1.8.0_60.jdk/Contents/Home/jre/lib/jfr.jar:/Library/Java/JavaVirtualMachines/jdk1.8.0_60.jdk/Contents/Home/jre/classes:/Users/lpfeiler/.ivy2/cache/org.scala-lang/scala-library/jars/scala-library-2.11.7.jar
	-classpath
	/Users/lpfeiler/develop/github/base64/target/scala-2.11/test-classes:/Users/lpfeiler/develop/github/base64/target/scala-2.11/classes:/Users/lpfeiler/develop/scala/activator-dist-1.3.6/repository/org.scalatest/scalatest_2.11/2.2.4/bundles/scalatest_2.11.jar:/Users/lpfeiler/develop/scala/activator-dist-1.3.6/repository/org.scala-lang/scala-reflect/2.11.2/jars/scala-reflect.jar:/Users/lpfeiler/develop/scala/activator-dist-1.3.6/repository/org.scala-lang.modules/scala-xml_2.11/1.0.2/bundles/scala-xml_2.11.jar
Scala compilation took 3.879421243 s
New invalidations:
	Set()
Initial set of included nodes: Set()
Previously invalidated, but (transitively) depend on new invalidations:
	Set()
All newly invalidated sources after taking into account (previously) recompiled sources:Set()
Copy resource mappings: 
	
Framework implementation 'org.scalacheck.ScalaCheckFramework' not present.
Framework implementation 'org.specs2.runner.Specs2Framework' not present.
Framework implementation 'org.specs2.runner.SpecsFramework' not present.
Framework implementation 'org.specs.runner.SpecsFramework' not present.
Framework implementation 'com.novocode.junit.JUnitFramework' not present.
Subclass fingerprints: List((org.scalatest.Suite,false,org.scalatest.tools.Framework$$anon$1@139c0f90))
Annotation fingerprints: List((org.scalatest.WrapWith,false,org.scalatest.tools.Framework$$anon$2@5d9b312f))
Running TaskDef(Base64Spec, org.scalatest.tools.Framework$$anon$1@139c0f90, false, [SuiteSelector])
Running TaskDef(StreamDecoderSpec, org.scalatest.tools.Framework$$anon$1@139c0f90, false, [SuiteSelector])
Running TaskDef(StreamCodecSpec, org.scalatest.tools.Framework$$anon$1@139c0f90, false, [SuiteSelector])
Running TaskDef(Base16Spec, org.scalatest.tools.Framework$$anon$1@139c0f90, false, [SuiteSelector])
Duplicate test name: Base64 should encode to BASE64FILE
org.scalatest.exceptions.DuplicateTestNameException: Duplicate test name: Base64 should encode to BASE64FILE
	at org.scalatest.SuperEngine.registerTest(Engine.scala:667)
	at org.scalatest.FlatSpecLike$class.org$scalatest$FlatSpecLike$$registerTestToRun(FlatSpecLike.scala:124)
	at org.scalatest.FlatSpecLike$InAndIgnoreMethods.in(FlatSpecLike.scala:1375)
	at Base64Spec.<init>(Base64Spec.scala:102)
	at sun.reflect.NativeConstructorAccessorImpl.newInstance0(Native Method)
	at sun.reflect.NativeConstructorAccessorImpl.newInstance(NativeConstructorAccessorImpl.java:62)
	at sun.reflect.DelegatingConstructorAccessorImpl.newInstance(DelegatingConstructorAccessorImpl.java:45)
	at java.lang.reflect.Constructor.newInstance(Constructor.java:422)
	at java.lang.Class.newInstance(Class.java:442)
	at org.scalatest.tools.Framework$ScalaTestTask.execute(Framework.scala:646)
	at sbt.TestRunner.runTest$1(TestFramework.scala:76)
	at sbt.TestRunner.run(TestFramework.scala:85)
	at sbt.TestFramework$$anon$2$$anonfun$$init$$1$$anonfun$apply$8.apply(TestFramework.scala:202)
	at sbt.TestFramework$$anon$2$$anonfun$$init$$1$$anonfun$apply$8.apply(TestFramework.scala:202)
	at sbt.TestFramework$.sbt$TestFramework$$withContextLoader(TestFramework.scala:185)
	at sbt.TestFramework$$anon$2$$anonfun$$init$$1.apply(TestFramework.scala:202)
	at sbt.TestFramework$$anon$2$$anonfun$$init$$1.apply(TestFramework.scala:202)
	at sbt.TestFunction.apply(TestFramework.scala:207)
	at sbt.Tests$$anonfun$9.apply(Tests.scala:216)
	at sbt.Tests$$anonfun$9.apply(Tests.scala:216)
	at sbt.std.Transform$$anon$3$$anonfun$apply$2.apply(System.scala:44)
	at sbt.std.Transform$$anon$3$$anonfun$apply$2.apply(System.scala:44)
	at sbt.std.Transform$$anon$4.work(System.scala:63)
	at sbt.Execute$$anonfun$submit$1$$anonfun$apply$1.apply(Execute.scala:226)
	at sbt.Execute$$anonfun$submit$1$$anonfun$apply$1.apply(Execute.scala:226)
	at sbt.ErrorHandling$.wideConvert(ErrorHandling.scala:17)
	at sbt.Execute.work(Execute.scala:235)
	at sbt.Execute$$anonfun$submit$1.apply(Execute.scala:226)
	at sbt.Execute$$anonfun$submit$1.apply(Execute.scala:226)
	at sbt.ConcurrentRestrictions$$anon$4$$anonfun$1.apply(ConcurrentRestrictions.scala:159)
	at sbt.CompletionService$$anon$2.call(CompletionService.scala:28)
	at java.util.concurrent.FutureTask.run(FutureTask.java:266)
	at java.util.concurrent.Executors$RunnableAdapter.call(Executors.java:511)
	at java.util.concurrent.FutureTask.run(FutureTask.java:266)
	at java.util.concurrent.ThreadPoolExecutor.runWorker(ThreadPoolExecutor.java:1142)
	at java.util.concurrent.ThreadPoolExecutor$Worker.run(ThreadPoolExecutor.java:617)
	at java.lang.Thread.run(Thread.java:745)
Read from stdout: Could not run test Base64Spec: org.scalatest.exceptions.DuplicateTestNameException: Duplicate test name: Base64 should encode to BASE64FILE
Could not run test Base64Spec: org.scalatest.exceptions.DuplicateTestNameException: Duplicate test name: Base64 should encode to BASE64FILE
Running TaskDef(Base32Spec, org.scalatest.tools.Framework$$anon$1@139c0f90, false, [SuiteSelector])
Read from stdout: StreamDecoderSpec:
Read from stdout: StreamDecoder
Read from stdout: - should check allowed bytes
[32mStreamDecoderSpec:[0m
[32mStreamDecoder[0m
[32m- should check allowed bytes[0m
Read from stdout: Base16Spec:
Read from stdout: Base16
Read from stdout: - should encode to BASE16
Read from stdout: Base32Spec:
Read from stdout: Base32
[32mBase16Spec:[0m
Read from stdout: - should encode to BASE32
Read from stdout: Base32
Read from stdout: - should encode to BASE32NOPAD
Read from stdout: Base32
Read from stdout: - should encode to BASE32URL
[32mBase16[0m
Read from stdout: Base32
[32m- should encode to BASE16[0m
Read from stdout: - should encode to BASE32HEX
Read from stdout: Base32
Read from stdout: - should encode to BASE32HEXNOPAD
Read from stdout: Base32
Read from stdout: - should encode to BASE32HEXURL
Read from stdout: StreamCodecSpec:
Read from stdout: StreamCodec
Read from stdout: - should create a ByteStream
Read from stdout: StreamCodec
Read from stdout: - should create a IntStream
Read from stdout: StreamCodec
[32mBase32Spec:[0m
Read from stdout: - should create a groupStream
Read from stdout: StreamCodec
Read from stdout: - should create a filledStream
Read from stdout: StreamCodec
[32mBase32[0m
[32m- should encode to BASE32[0m
Read from stdout: - should flatten a filledStream
[32mBase32[0m
[32mStreamCodecSpec:[0m
[32m- should encode to BASE32NOPAD[0m
[32mBase32[0m
[32m- should encode to BASE32URL[0m
[32mBase32[0m
[32mStreamCodec[0m
[32m- should encode to BASE32HEX[0m
[32m- should create a ByteStream[0m
[32mBase32[0m
[32mStreamCodec[0m
[32m- should create a IntStream[0m
[32mStreamCodec[0m
[32m- should create a groupStream[0m
[32mStreamCodec[0m
[32m- should encode to BASE32HEXNOPAD[0m
[32m- should create a filledStream[0m
[32mStreamCodec[0m
[32mBase32[0m
[32m- should flatten a filledStream[0m
[32m- should encode to BASE32HEXURL[0m
Read from stdout: Run completed in 843 milliseconds.
Read from stdout: Total number of tests run: 13
Read from stdout: Suites: completed 4, aborted 0
Read from stdout: Tests: succeeded 13, failed 0, canceled 0, ignored 0, pending 0
Read from stdout: All tests passed.
Run completed in 843 milliseconds.
Total number of tests run: 13
Suites: completed 4, aborted 0
Tests: succeeded 13, failed 0, canceled 0, ignored 0, pending 0
All tests passed.
Passed tests:
	StreamCodecSpec
	StreamDecoderSpec
	Base32Spec
	Base16Spec
Read from stdout: Error during tests:
Error during tests:
Read from stdout: 	Base64Spec
	Base64Spec
Read from stdout: (test:test) sbt.TestsFailedException: Tests unsuccessful
(test:test) sbt.TestsFailedException: Tests unsuccessful
Total time: 6 s, completed 29.05.2016 21:19:10
> server-post-command-error-handler
> server-post-command-cleanup
> server-handle-next-server-request
> {file:/Users/lpfeiler/develop/github/base64/}base64/compile:discoveredMainClasses
Evaluating tasks: compile:discoveredMainClasses
Running task... Cancel: sbt.server.ServerTaskCancellation@a1bc9da, check cycles: false

Initial source changes: 
	removed:Set()
	added: Set()
	modified: Set()
Removed products: Set()
External API changes: API Changes: Set()
Modified binary dependencies: Set()
Initial directly invalidated sources: Set()

Sources indirectly invalidated by:
	product: Set()
	binary dep: Set()
	external source: Set()
All initially invalidated sources: Set()

Total time: 0 s, completed 29.05.2016 21:19:11
> server-post-command-cleanup
> server-handle-next-server-request
> compile
Evaluating tasks: compile:compile
Running task... Cancel: sbt.server.ServerTaskCancellation@4ed64424, check cycles: false

Initial source changes: 
	removed:Set()
	added: Set()
	modified: Set()
Removed products: Set()
External API changes: API Changes: Set()
Modified binary dependencies: Set()
Initial directly invalidated sources: Set()

Sources indirectly invalidated by:
	product: Set()
	binary dep: Set()
	external source: Set()
All initially invalidated sources: Set()

Total time: 0 s, completed 29.05.2016 21:20:49
> server-post-command-cleanup
> server-handle-next-server-request
> test
Evaluating tasks: test:test
Running task... Cancel: sbt.server.ServerTaskCancellation@5b4cd3c2, check cycles: false

Initial source changes: 
	removed:Set()
	added: Set()
	modified: Set()
Removed products: Set()
External API changes: API Changes: Set()
Modified binary dependencies: Set()
Initial directly invalidated sources: Set()

Sources indirectly invalidated by:
	product: Set()
	binary dep: Set()
	external source: Set()
All initially invalidated sources: Set()

Copy resource mappings: 
	
The de.csmath.codec.Base16$ source file has the following regular definitions changed:
	base16Enc.
All member reference dependencies will be considered within this context.
Files invalidated by inheriting from (external) de.csmath.codec.Base16$: Set(); now invalidating by inheritance (internally).
Getting direct dependencies of all sources transitively invalidated by inheritance.
Getting sources that directly depend on (external) de.csmath.codec.Base16$.
None of the modified names appears in /Users/lpfeiler/develop/github/base64/src/test/scala/Base16Spec.scala. This dependency is not being considered for invalidation.
The de.csmath.codec.Base32$ source file has the following regular definitions changed:
	base32HexEnc, base32Enc, base32HexUrlEnc, base32UrlEnc.
All member reference dependencies will be considered within this context.
Files invalidated by inheriting from (external) de.csmath.codec.Base32$: Set(); now invalidating by inheritance (internally).
Getting direct dependencies of all sources transitively invalidated by inheritance.
Getting sources that directly depend on (external) de.csmath.codec.Base32$.
None of the modified names appears in /Users/lpfeiler/develop/github/base64/src/test/scala/Base32Spec.scala. This dependency is not being considered for invalidation.

Initial source changes: 
	removed:Set()
	added: Set()
	modified: Set(/Users/lpfeiler/develop/github/base64/src/test/scala/Base64Spec.scala)
Removed products: Set()
External API changes: API Changes: Set(NamesChange(de.csmath.codec.Base16$,ModifiedNames(regularNames = base16Enc, implicitNames = )), NamesChange(de.csmath.codec.Base32$,ModifiedNames(regularNames = base32HexEnc, base32Enc, base32HexUrlEnc, base32UrlEnc, implicitNames = )))
Modified binary dependencies: Set()
Initial directly invalidated sources: Set(/Users/lpfeiler/develop/github/base64/src/test/scala/Base64Spec.scala)

Sources indirectly invalidated by:
	product: Set()
	binary dep: Set()
	external source: Set()
All initially invalidated sources: Set(/Users/lpfeiler/develop/github/base64/src/test/scala/Base64Spec.scala)

Read from stdout: Compiling 1 Scala source to /Users/lpfeiler/develop/github/base64/target/scala-2.11/test-classes...
Compiling 1 Scala source to /Users/lpfeiler/develop/github/base64/target/scala-2.11/test-classes...
Getting compiler-interface from component compiler for Scala 2.11.7
Other repositories:
Default repositories:
Getting compiler-interface from component compiler for Scala 2.11.7
Other repositories:
Default repositories:
Running cached compiler 1bc819f1, interfacing (CompilerInterface) with Scala compiler version 2.11.7
Calling Scala compiler with arguments  (CompilerInterface):
	-bootclasspath
	/Library/Java/JavaVirtualMachines/jdk1.8.0_60.jdk/Contents/Home/jre/lib/resources.jar:/Library/Java/JavaVirtualMachines/jdk1.8.0_60.jdk/Contents/Home/jre/lib/rt.jar:/Library/Java/JavaVirtualMachines/jdk1.8.0_60.jdk/Contents/Home/jre/lib/sunrsasign.jar:/Library/Java/JavaVirtualMachines/jdk1.8.0_60.jdk/Contents/Home/jre/lib/jsse.jar:/Library/Java/JavaVirtualMachines/jdk1.8.0_60.jdk/Contents/Home/jre/lib/jce.jar:/Library/Java/JavaVirtualMachines/jdk1.8.0_60.jdk/Contents/Home/jre/lib/charsets.jar:/Library/Java/JavaVirtualMachines/jdk1.8.0_60.jdk/Contents/Home/jre/lib/jfr.jar:/Library/Java/JavaVirtualMachines/jdk1.8.0_60.jdk/Contents/Home/jre/classes:/Users/lpfeiler/.ivy2/cache/org.scala-lang/scala-library/jars/scala-library-2.11.7.jar
	-classpath
	/Users/lpfeiler/develop/github/base64/target/scala-2.11/test-classes:/Users/lpfeiler/develop/github/base64/target/scala-2.11/classes:/Users/lpfeiler/develop/scala/activator-dist-1.3.6/repository/org.scalatest/scalatest_2.11/2.2.4/bundles/scalatest_2.11.jar:/Users/lpfeiler/develop/scala/activator-dist-1.3.6/repository/org.scala-lang/scala-reflect/2.11.2/jars/scala-reflect.jar:/Users/lpfeiler/develop/scala/activator-dist-1.3.6/repository/org.scala-lang.modules/scala-xml_2.11/1.0.2/bundles/scala-xml_2.11.jar
Scala compilation took 2.304367546 s
New invalidations:
	Set()
Initial set of included nodes: Set()
Previously invalidated, but (transitively) depend on new invalidations:
	Set()
All newly invalidated sources after taking into account (previously) recompiled sources:Set()
Copy resource mappings: 
	
Framework implementation 'org.scalacheck.ScalaCheckFramework' not present.
Framework implementation 'org.specs2.runner.Specs2Framework' not present.
Framework implementation 'org.specs2.runner.SpecsFramework' not present.
Framework implementation 'org.specs.runner.SpecsFramework' not present.
Framework implementation 'com.novocode.junit.JUnitFramework' not present.
Subclass fingerprints: List((org.scalatest.Suite,false,org.scalatest.tools.Framework$$anon$1@3d707952))
Annotation fingerprints: List((org.scalatest.WrapWith,false,org.scalatest.tools.Framework$$anon$2@79d1cbfc))
Running TaskDef(Base16Spec, org.scalatest.tools.Framework$$anon$1@3d707952, false, [SuiteSelector])
Running TaskDef(StreamCodecSpec, org.scalatest.tools.Framework$$anon$1@3d707952, false, [SuiteSelector])
Running TaskDef(Base32Spec, org.scalatest.tools.Framework$$anon$1@3d707952, false, [SuiteSelector])
Running TaskDef(StreamDecoderSpec, org.scalatest.tools.Framework$$anon$1@3d707952, false, [SuiteSelector])
Read from stdout: Base16Spec:
Read from stdout: Base16
Read from stdout: - should encode to BASE16
Read from stdout: StreamDecoderSpec:
Read from stdout: StreamDecoder
Read from stdout: - should check allowed bytes
[32mBase16Spec:[0m
[32mBase16[0m
[32m- should encode to BASE16[0m
Running TaskDef(Base64Spec, org.scalatest.tools.Framework$$anon$1@3d707952, false, [SuiteSelector])
[32mStreamDecoderSpec:[0m
[32mStreamDecoder[0m
[32m- should check allowed bytes[0m
Read from stdout: StreamCodecSpec:
Read from stdout: StreamCodec
Read from stdout: - should create a ByteStream
Read from stdout: StreamCodec
Read from stdout: - should create a IntStream
Read from stdout: StreamCodec
Read from stdout: - should create a groupStream
Read from stdout: StreamCodec
Read from stdout: - should create a filledStream
Read from stdout: StreamCodec
Read from stdout: - should flatten a filledStream
Read from stdout: Base32Spec:
Read from stdout: Base32
Read from stdout: - should encode to BASE32
Read from stdout: Base32
Read from stdout: - should encode to BASE32NOPAD
Read from stdout: Base32
Read from stdout: - should encode to BASE32URL
Read from stdout: Base32
Read from stdout: - should encode to BASE32HEX
Read from stdout: Base32
Read from stdout: - should encode to BASE32HEXNOPAD
Read from stdout: Base32
Read from stdout: - should encode to BASE32HEXURL
[32mBase32Spec:[0m
[32mBase32[0m
[32m- should encode to BASE32[0m
[32mBase32[0m
[32m- should encode to BASE32NOPAD[0m
[32mBase32[0m
[32m- should encode to BASE32URL[0m
[32mBase32[0m
[32m- should encode to BASE32HEX[0m
[32mBase32[0m
[32m- should encode to BASE32HEXNOPAD[0m
[32mBase32[0m
[32m- should encode to BASE32HEXURL[0m
[32mStreamCodecSpec:[0m
[32mStreamCodec[0m
[32m- should create a ByteStream[0m
[32mStreamCodec[0m
[32m- should create a IntStream[0m
[32mStreamCodec[0m
[32m- should create a groupStream[0m
[32mStreamCodec[0m
[32m- should create a filledStream[0m
[32mStreamCodec[0m
[32m- should flatten a filledStream[0m
Read from stdout: Base64Spec:
Read from stdout: Base64
Read from stdout: - should encode to BASE64
Read from stdout: Base64
Read from stdout: - should encode to BASE64FILE
Read from stdout: Base64
Read from stdout: - should encode to BASE64URL
Read from stdout: Base64
Read from stdout: - should encode to BASE64NOPAD
Read from stdout: Base64
Read from stdout: - should encode to BASE64FILENOPAD
Read from stdout: Base64
Read from stdout: - should encode to BASE64URLNOPAD
Read from stdout: Base64
Read from stdout: - should decode to BASE64
Read from stdout: Base64
Read from stdout: - should decode to BASE64 w/o padding
Read from stdout: Base64
Read from stdout: - should fail with crap
[32mBase64Spec:[0m
[32mBase64[0m
[32m- should encode to BASE64[0m
[32mBase64[0m
[32m- should encode to BASE64FILE[0m
[32mBase64[0m
[32m- should encode to BASE64URL[0m
[32mBase64[0m
[32m- should encode to BASE64NOPAD[0m
[32mBase64[0m
[32m- should encode to BASE64FILENOPAD[0m
[32mBase64[0m
[32m- should encode to BASE64URLNOPAD[0m
[32mBase64[0m
[32m- should decode to BASE64[0m
[32mBase64[0m
[32m- should decode to BASE64 w/o padding[0m
[32mBase64[0m
[32m- should fail with crap[0m
Read from stdout: Run completed in 729 milliseconds.
Read from stdout: Total number of tests run: 22
Read from stdout: Suites: completed 5, aborted 0
Read from stdout: Tests: succeeded 22, failed 0, canceled 0, ignored 0, pending 0
Read from stdout: All tests passed.
Run completed in 729 milliseconds.
Total number of tests run: 22
Suites: completed 5, aborted 0
Tests: succeeded 22, failed 0, canceled 0, ignored 0, pending 0
All tests passed.
Passed tests:
	StreamCodecSpec
	Base64Spec
	StreamDecoderSpec
	Base32Spec
	Base16Spec
Total time: 4 s, completed 29.05.2016 21:20:53
> server-post-command-cleanup
> server-handle-next-server-request
> compile
Evaluating tasks: compile:compile
Running task... Cancel: sbt.server.ServerTaskCancellation@6478e0df, check cycles: false

Initial source changes: 
	removed:Set()
	added: Set()
	modified: Set()
Removed products: Set()
External API changes: API Changes: Set()
Modified binary dependencies: Set()
Initial directly invalidated sources: Set()

Sources indirectly invalidated by:
	product: Set()
	binary dep: Set()
	external source: Set()
All initially invalidated sources: Set()

Total time: 0 s, completed 29.05.2016 21:22:03
> server-post-command-cleanup
> server-handle-next-server-request
> test
Evaluating tasks: test:test
Running task... Cancel: sbt.server.ServerTaskCancellation@4935af4b, check cycles: false

Initial source changes: 
	removed:Set()
	added: Set()
	modified: Set()
Removed products: Set()
External API changes: API Changes: Set()
Modified binary dependencies: Set()
Initial directly invalidated sources: Set()

Sources indirectly invalidated by:
	product: Set()
	binary dep: Set()
	external source: Set()
All initially invalidated sources: Set()

Copy resource mappings: 
	
The de.csmath.codec.Base16$ source file has the following regular definitions changed:
	base16Enc.
All member reference dependencies will be considered within this context.
Files invalidated by inheriting from (external) de.csmath.codec.Base16$: Set(); now invalidating by inheritance (internally).
Getting direct dependencies of all sources transitively invalidated by inheritance.
Getting sources that directly depend on (external) de.csmath.codec.Base16$.
None of the modified names appears in /Users/lpfeiler/develop/github/base64/src/test/scala/Base16Spec.scala. This dependency is not being considered for invalidation.
The de.csmath.codec.Base32$ source file has the following regular definitions changed:
	base32HexEnc, base32Enc, base32HexUrlEnc, base32UrlEnc.
All member reference dependencies will be considered within this context.
Files invalidated by inheriting from (external) de.csmath.codec.Base32$: Set(); now invalidating by inheritance (internally).
Getting direct dependencies of all sources transitively invalidated by inheritance.
Getting sources that directly depend on (external) de.csmath.codec.Base32$.
None of the modified names appears in /Users/lpfeiler/develop/github/base64/src/test/scala/Base32Spec.scala. This dependency is not being considered for invalidation.

Initial source changes: 
	removed:Set()
	added: Set()
	modified: Set(/Users/lpfeiler/develop/github/base64/src/test/scala/Base64Spec.scala)
Removed products: Set()
External API changes: API Changes: Set(NamesChange(de.csmath.codec.Base16$,ModifiedNames(regularNames = base16Enc, implicitNames = )), NamesChange(de.csmath.codec.Base32$,ModifiedNames(regularNames = base32HexEnc, base32Enc, base32HexUrlEnc, base32UrlEnc, implicitNames = )))
Modified binary dependencies: Set()
Initial directly invalidated sources: Set(/Users/lpfeiler/develop/github/base64/src/test/scala/Base64Spec.scala)

Sources indirectly invalidated by:
	product: Set()
	binary dep: Set()
	external source: Set()
All initially invalidated sources: Set(/Users/lpfeiler/develop/github/base64/src/test/scala/Base64Spec.scala)

Read from stdout: Compiling 1 Scala source to /Users/lpfeiler/develop/github/base64/target/scala-2.11/test-classes...
Compiling 1 Scala source to /Users/lpfeiler/develop/github/base64/target/scala-2.11/test-classes...
Getting compiler-interface from component compiler for Scala 2.11.7
Other repositories:
Default repositories:
Getting compiler-interface from component compiler for Scala 2.11.7
Other repositories:
Default repositories:
Running cached compiler 376fa4b3, interfacing (CompilerInterface) with Scala compiler version 2.11.7
Calling Scala compiler with arguments  (CompilerInterface):
	-bootclasspath
	/Library/Java/JavaVirtualMachines/jdk1.8.0_60.jdk/Contents/Home/jre/lib/resources.jar:/Library/Java/JavaVirtualMachines/jdk1.8.0_60.jdk/Contents/Home/jre/lib/rt.jar:/Library/Java/JavaVirtualMachines/jdk1.8.0_60.jdk/Contents/Home/jre/lib/sunrsasign.jar:/Library/Java/JavaVirtualMachines/jdk1.8.0_60.jdk/Contents/Home/jre/lib/jsse.jar:/Library/Java/JavaVirtualMachines/jdk1.8.0_60.jdk/Contents/Home/jre/lib/jce.jar:/Library/Java/JavaVirtualMachines/jdk1.8.0_60.jdk/Contents/Home/jre/lib/charsets.jar:/Library/Java/JavaVirtualMachines/jdk1.8.0_60.jdk/Contents/Home/jre/lib/jfr.jar:/Library/Java/JavaVirtualMachines/jdk1.8.0_60.jdk/Contents/Home/jre/classes:/Users/lpfeiler/.ivy2/cache/org.scala-lang/scala-library/jars/scala-library-2.11.7.jar
	-classpath
	/Users/lpfeiler/develop/github/base64/target/scala-2.11/test-classes:/Users/lpfeiler/develop/github/base64/target/scala-2.11/classes:/Users/lpfeiler/develop/scala/activator-dist-1.3.6/repository/org.scalatest/scalatest_2.11/2.2.4/bundles/scalatest_2.11.jar:/Users/lpfeiler/develop/scala/activator-dist-1.3.6/repository/org.scala-lang/scala-reflect/2.11.2/jars/scala-reflect.jar:/Users/lpfeiler/develop/scala/activator-dist-1.3.6/repository/org.scala-lang.modules/scala-xml_2.11/1.0.2/bundles/scala-xml_2.11.jar
Scala compilation took 1.959658556 s
New invalidations:
	Set()
Initial set of included nodes: Set()
Previously invalidated, but (transitively) depend on new invalidations:
	Set()
All newly invalidated sources after taking into account (previously) recompiled sources:Set()
Copy resource mappings: 
	
Framework implementation 'org.scalacheck.ScalaCheckFramework' not present.
Framework implementation 'org.specs2.runner.Specs2Framework' not present.
Framework implementation 'org.specs2.runner.SpecsFramework' not present.
Framework implementation 'org.specs.runner.SpecsFramework' not present.
Framework implementation 'com.novocode.junit.JUnitFramework' not present.
Subclass fingerprints: List((org.scalatest.Suite,false,org.scalatest.tools.Framework$$anon$1@5f381f29))
Annotation fingerprints: List((org.scalatest.WrapWith,false,org.scalatest.tools.Framework$$anon$2@2bbb06af))
Running TaskDef(Base16Spec, org.scalatest.tools.Framework$$anon$1@5f381f29, false, [SuiteSelector])
Running TaskDef(StreamCodecSpec, org.scalatest.tools.Framework$$anon$1@5f381f29, false, [SuiteSelector])
Running TaskDef(Base32Spec, org.scalatest.tools.Framework$$anon$1@5f381f29, false, [SuiteSelector])
Running TaskDef(StreamDecoderSpec, org.scalatest.tools.Framework$$anon$1@5f381f29, false, [SuiteSelector])
Read from stdout: Base16Spec:
Read from stdout: Base16
Read from stdout: - should encode to BASE16
Read from stdout: StreamDecoderSpec:
Read from stdout: StreamDecoder
Read from stdout: - should check allowed bytes
Read from stdout: Base32Spec:
Read from stdout: Base32
Read from stdout: - should encode to BASE32
Read from stdout: Base32
Read from stdout: - should encode to BASE32NOPAD
Read from stdout: Base32
Read from stdout: - should encode to BASE32URL
Read from stdout: Base32
Read from stdout: - should encode to BASE32HEX
Read from stdout: Base32
Read from stdout: - should encode to BASE32HEXNOPAD
Read from stdout: Base32
Read from stdout: - should encode to BASE32HEXURL
[32mBase32Spec:[0m
[32mBase32[0m
[32m- should encode to BASE32[0m
[32mBase32[0m
[32m- should encode to BASE32NOPAD[0m
[32mBase32[0m
[32m- should encode to BASE32URL[0m
[32mBase32[0m
[32m- should encode to BASE32HEX[0m
[32mBase32[0m
[32m- should encode to BASE32HEXNOPAD[0m
[32mBase32[0m
[32m- should encode to BASE32HEXURL[0m
[32mStreamDecoderSpec:[0m
[32mStreamDecoder[0m
[32m- should check allowed bytes[0m
[32mBase16Spec:[0m
[32mBase16[0m
[32m- should encode to BASE16[0m
Running TaskDef(Base64Spec, org.scalatest.tools.Framework$$anon$1@5f381f29, false, [SuiteSelector])
Read from stdout: StreamCodecSpec:
Read from stdout: StreamCodec
Read from stdout: - should create a ByteStream
Read from stdout: StreamCodec
Read from stdout: - should create a IntStream
Read from stdout: StreamCodec
Read from stdout: - should create a groupStream
Read from stdout: StreamCodec
Read from stdout: - should create a filledStream
Read from stdout: StreamCodec
Read from stdout: - should flatten a filledStream
[32mStreamCodecSpec:[0m
[32mStreamCodec[0m
[32m- should create a ByteStream[0m
[32mStreamCodec[0m
[32m- should create a IntStream[0m
[32mStreamCodec[0m
[32m- should create a groupStream[0m
[32mStreamCodec[0m
[32m- should create a filledStream[0m
[32mStreamCodec[0m
[32m- should flatten a filledStream[0m
Read from stdout: Base64Spec:
Read from stdout: Base64
Read from stdout: - should encode to BASE64
Read from stdout: Base64
Read from stdout: - should encode to BASE64FILE
Read from stdout: Base64
Read from stdout: - should encode to BASE64URL
Read from stdout: Base64
Read from stdout: - should encode to BASE64NOPAD
Read from stdout: Base64
Read from stdout: - should encode to BASE64FILENOPAD
Read from stdout: Base64
Read from stdout: - should encode to BASE64URLNOPAD
Read from stdout: Base64
Read from stdout: - should decode from BASE64
Read from stdout: Base64
Read from stdout: - should decode from BASE64 w/o padding
Read from stdout: Base64
Read from stdout: - should fail with crap
Read from stdout: Base64
Read from stdout: - should decode from BASE64FILE
[32mBase64Spec:[0m
[32mBase64[0m
[32m- should encode to BASE64[0m
[32mBase64[0m
[32m- should encode to BASE64FILE[0m
[32mBase64[0m
[32m- should encode to BASE64URL[0m
[32mBase64[0m
[32m- should encode to BASE64NOPAD[0m
[32mBase64[0m
[32m- should encode to BASE64FILENOPAD[0m
[32mBase64[0m
[32m- should encode to BASE64URLNOPAD[0m
[32mBase64[0m
[32m- should decode from BASE64[0m
[32mBase64[0m
[32m- should decode from BASE64 w/o padding[0m
[32mBase64[0m
[32m- should fail with crap[0m
[32mBase64[0m
[32m- should decode from BASE64FILE[0m
Read from stdout: Run completed in 553 milliseconds.
Read from stdout: Total number of tests run: 23
Read from stdout: Suites: completed 5, aborted 0
Read from stdout: Tests: succeeded 23, failed 0, canceled 0, ignored 0, pending 0
Read from stdout: All tests passed.
Run completed in 553 milliseconds.
Total number of tests run: 23
Suites: completed 5, aborted 0
Tests: succeeded 23, failed 0, canceled 0, ignored 0, pending 0
All tests passed.
Passed tests:
	StreamCodecSpec
	Base64Spec
	StreamDecoderSpec
	Base32Spec
	Base16Spec
Total time: 3 s, completed 29.05.2016 21:22:06
> server-post-command-cleanup
> server-handle-next-server-request
> compile
Evaluating tasks: compile:compile
Running task... Cancel: sbt.server.ServerTaskCancellation@50f8f8ca, check cycles: false

Initial source changes: 
	removed:Set()
	added: Set()
	modified: Set()
Removed products: Set()
External API changes: API Changes: Set()
Modified binary dependencies: Set()
Initial directly invalidated sources: Set()

Sources indirectly invalidated by:
	product: Set()
	binary dep: Set()
	external source: Set()
All initially invalidated sources: Set()

Total time: 0 s, completed 29.05.2016 21:22:58
> server-post-command-cleanup
> server-handle-next-server-request
> test
Evaluating tasks: test:test
Running task... Cancel: sbt.server.ServerTaskCancellation@1724b4ac, check cycles: false

Initial source changes: 
	removed:Set()
	added: Set()
	modified: Set()
Removed products: Set()
External API changes: API Changes: Set()
Modified binary dependencies: Set()
Initial directly invalidated sources: Set()

Sources indirectly invalidated by:
	product: Set()
	binary dep: Set()
	external source: Set()
All initially invalidated sources: Set()

Copy resource mappings: 
	
The de.csmath.codec.Base16$ source file has the following regular definitions changed:
	base16Enc.
All member reference dependencies will be considered within this context.
Files invalidated by inheriting from (external) de.csmath.codec.Base16$: Set(); now invalidating by inheritance (internally).
Getting direct dependencies of all sources transitively invalidated by inheritance.
Getting sources that directly depend on (external) de.csmath.codec.Base16$.
None of the modified names appears in /Users/lpfeiler/develop/github/base64/src/test/scala/Base16Spec.scala. This dependency is not being considered for invalidation.
The de.csmath.codec.Base32$ source file has the following regular definitions changed:
	base32HexEnc, base32Enc, base32HexUrlEnc, base32UrlEnc.
All member reference dependencies will be considered within this context.
Files invalidated by inheriting from (external) de.csmath.codec.Base32$: Set(); now invalidating by inheritance (internally).
Getting direct dependencies of all sources transitively invalidated by inheritance.
Getting sources that directly depend on (external) de.csmath.codec.Base32$.
None of the modified names appears in /Users/lpfeiler/develop/github/base64/src/test/scala/Base32Spec.scala. This dependency is not being considered for invalidation.

Initial source changes: 
	removed:Set()
	added: Set()
	modified: Set(/Users/lpfeiler/develop/github/base64/src/test/scala/Base64Spec.scala)
Removed products: Set()
External API changes: API Changes: Set(NamesChange(de.csmath.codec.Base16$,ModifiedNames(regularNames = base16Enc, implicitNames = )), NamesChange(de.csmath.codec.Base32$,ModifiedNames(regularNames = base32HexEnc, base32Enc, base32HexUrlEnc, base32UrlEnc, implicitNames = )))
Modified binary dependencies: Set()
Initial directly invalidated sources: Set(/Users/lpfeiler/develop/github/base64/src/test/scala/Base64Spec.scala)

Sources indirectly invalidated by:
	product: Set()
	binary dep: Set()
	external source: Set()
All initially invalidated sources: Set(/Users/lpfeiler/develop/github/base64/src/test/scala/Base64Spec.scala)

Read from stdout: Compiling 1 Scala source to /Users/lpfeiler/develop/github/base64/target/scala-2.11/test-classes...
Compiling 1 Scala source to /Users/lpfeiler/develop/github/base64/target/scala-2.11/test-classes...
Getting compiler-interface from component compiler for Scala 2.11.7
Other repositories:
Default repositories:
Getting compiler-interface from component compiler for Scala 2.11.7
Other repositories:
Default repositories:
Running cached compiler 7eb55c0d, interfacing (CompilerInterface) with Scala compiler version 2.11.7
Calling Scala compiler with arguments  (CompilerInterface):
	-bootclasspath
	/Library/Java/JavaVirtualMachines/jdk1.8.0_60.jdk/Contents/Home/jre/lib/resources.jar:/Library/Java/JavaVirtualMachines/jdk1.8.0_60.jdk/Contents/Home/jre/lib/rt.jar:/Library/Java/JavaVirtualMachines/jdk1.8.0_60.jdk/Contents/Home/jre/lib/sunrsasign.jar:/Library/Java/JavaVirtualMachines/jdk1.8.0_60.jdk/Contents/Home/jre/lib/jsse.jar:/Library/Java/JavaVirtualMachines/jdk1.8.0_60.jdk/Contents/Home/jre/lib/jce.jar:/Library/Java/JavaVirtualMachines/jdk1.8.0_60.jdk/Contents/Home/jre/lib/charsets.jar:/Library/Java/JavaVirtualMachines/jdk1.8.0_60.jdk/Contents/Home/jre/lib/jfr.jar:/Library/Java/JavaVirtualMachines/jdk1.8.0_60.jdk/Contents/Home/jre/classes:/Users/lpfeiler/.ivy2/cache/org.scala-lang/scala-library/jars/scala-library-2.11.7.jar
	-classpath
	/Users/lpfeiler/develop/github/base64/target/scala-2.11/test-classes:/Users/lpfeiler/develop/github/base64/target/scala-2.11/classes:/Users/lpfeiler/develop/scala/activator-dist-1.3.6/repository/org.scalatest/scalatest_2.11/2.2.4/bundles/scalatest_2.11.jar:/Users/lpfeiler/develop/scala/activator-dist-1.3.6/repository/org.scala-lang/scala-reflect/2.11.2/jars/scala-reflect.jar:/Users/lpfeiler/develop/scala/activator-dist-1.3.6/repository/org.scala-lang.modules/scala-xml_2.11/1.0.2/bundles/scala-xml_2.11.jar
Scala compilation took 1.803219007 s
New invalidations:
	Set()
Initial set of included nodes: Set()
Previously invalidated, but (transitively) depend on new invalidations:
	Set()
All newly invalidated sources after taking into account (previously) recompiled sources:Set()
Copy resource mappings: 
	
Framework implementation 'org.scalacheck.ScalaCheckFramework' not present.
Framework implementation 'org.specs2.runner.Specs2Framework' not present.
Framework implementation 'org.specs2.runner.SpecsFramework' not present.
Framework implementation 'org.specs.runner.SpecsFramework' not present.
Framework implementation 'com.novocode.junit.JUnitFramework' not present.
Subclass fingerprints: List((org.scalatest.Suite,false,org.scalatest.tools.Framework$$anon$1@706dc97a))
Annotation fingerprints: List((org.scalatest.WrapWith,false,org.scalatest.tools.Framework$$anon$2@59268c06))
Running TaskDef(StreamCodecSpec, org.scalatest.tools.Framework$$anon$1@706dc97a, false, [SuiteSelector])
Running TaskDef(Base64Spec, org.scalatest.tools.Framework$$anon$1@706dc97a, false, [SuiteSelector])
Running TaskDef(Base16Spec, org.scalatest.tools.Framework$$anon$1@706dc97a, false, [SuiteSelector])
Running TaskDef(Base32Spec, org.scalatest.tools.Framework$$anon$1@706dc97a, false, [SuiteSelector])
Read from stdout: Base16Spec:
Read from stdout: Base16
Read from stdout: - should encode to BASE16
[32mBase16Spec:[0m
[32mBase16[0m
[32m- should encode to BASE16[0m
Running TaskDef(StreamDecoderSpec, org.scalatest.tools.Framework$$anon$1@706dc97a, false, [SuiteSelector])
Read from stdout: StreamCodecSpec:
Read from stdout: StreamCodec
Read from stdout: - should create a ByteStream
Read from stdout: StreamCodec
Read from stdout: - should create a IntStream
Read from stdout: StreamCodec
Read from stdout: - should create a groupStream
Read from stdout: StreamCodec
Read from stdout: - should create a filledStream
Read from stdout: StreamCodec
Read from stdout: - should flatten a filledStream
[32mStreamCodecSpec:[0m
[32mStreamCodec[0m
[32m- should create a ByteStream[0m
[32mStreamCodec[0m
[32m- should create a IntStream[0m
[32mStreamCodec[0m
[32m- should create a groupStream[0m
[32mStreamCodec[0m
[32m- should create a filledStream[0m
[32mStreamCodec[0m
[32m- should flatten a filledStream[0m
Read from stdout: StreamDecoderSpec:
Read from stdout: StreamDecoder
Read from stdout: - should check allowed bytes
[32mStreamDecoderSpec:[0m
[32mStreamDecoder[0m
[32m- should check allowed bytes[0m
Read from stdout: Base32Spec:
Read from stdout: Base32
Read from stdout: - should encode to BASE32
Read from stdout: Base32
Read from stdout: - should encode to BASE32NOPAD
Read from stdout: Base32
Read from stdout: - should encode to BASE32URL
Read from stdout: Base32
Read from stdout: - should encode to BASE32HEX
Read from stdout: Base32
Read from stdout: - should encode to BASE32HEXNOPAD
Read from stdout: Base32
Read from stdout: - should encode to BASE32HEXURL
Read from stdout: Base64Spec:
Read from stdout: Base64
Read from stdout: - should encode to BASE64
Read from stdout: Base64
Read from stdout: - should encode to BASE64FILE
Read from stdout: Base64
Read from stdout: - should encode to BASE64URL
Read from stdout: Base64
Read from stdout: - should encode to BASE64NOPAD
Read from stdout: Base64
Read from stdout: - should encode to BASE64FILENOPAD
Read from stdout: Base64
Read from stdout: - should encode to BASE64URLNOPAD
Read from stdout: Base64
Read from stdout: - should decode from BASE64
Read from stdout: Base64
Read from stdout: - should decode from BASE64 w/o padding
Read from stdout: Base64
Read from stdout: - should fail with crap
Read from stdout: Base64
Read from stdout: - should decode from BASE64FILE
Read from stdout: Base64
Read from stdout: - should decode from BASE64FILE w/o padding
[32mBase64Spec:[0m
[32mBase64[0m
[32m- should encode to BASE64[0m
[32mBase64[0m
[32m- should encode to BASE64FILE[0m
[32mBase64[0m
[32m- should encode to BASE64URL[0m
[32mBase64[0m
[32m- should encode to BASE64NOPAD[0m
[32mBase64[0m
[32m- should encode to BASE64FILENOPAD[0m
[32mBase64[0m
[32m- should encode to BASE64URLNOPAD[0m
[32mBase64[0m
[32m- should decode from BASE64[0m
[32mBase64[0m
[32m- should decode from BASE64 w/o padding[0m
[32mBase64[0m
[32m- should fail with crap[0m
[32mBase64[0m
[32m- should decode from BASE64FILE[0m
[32mBase64[0m
[32mBase32Spec:[0m
[32mBase32[0m
[32m- should encode to BASE32[0m
[32mBase32[0m
[32m- should encode to BASE32NOPAD[0m
[32mBase32[0m
[32m- should encode to BASE32URL[0m
[32mBase32[0m
[32m- should encode to BASE32HEX[0m
[32mBase32[0m
[32m- should encode to BASE32HEXNOPAD[0m
[32mBase32[0m
[32m- should encode to BASE32HEXURL[0m
[32m- should decode from BASE64FILE w/o padding[0m
Read from stdout: Run completed in 490 milliseconds.
Read from stdout: Total number of tests run: 24
Read from stdout: Suites: completed 5, aborted 0
Read from stdout: Tests: succeeded 24, failed 0, canceled 0, ignored 0, pending 0
Read from stdout: All tests passed.
Run completed in 490 milliseconds.
Total number of tests run: 24
Suites: completed 5, aborted 0
Tests: succeeded 24, failed 0, canceled 0, ignored 0, pending 0
All tests passed.
Passed tests:
	StreamCodecSpec
	Base64Spec
	StreamDecoderSpec
	Base32Spec
	Base16Spec
Total time: 3 s, completed 29.05.2016 21:23:01
> server-post-command-cleanup
> server-handle-next-server-request
